Success (5):
adminSetting conf.plugins.ENCRYPTION_API_ACCESS_LIST "Encryption Service"
adminSetting conf.userStartPages.DEFAULT_START_PAGE "Default Start Page"
adminSetting conf.userStartPages.START_PAGES "Start Pages"
thirdPartyCredentials 1 1663760c-3207-4733-af3f-63ce20f2c1df "ExcelPlugin"
thirdPartyCredentials 4 591bb52d-125a-43a9-a594-733ee37bc1e8 "Linkedin"

Referenced precedents that were not exported (3):
group 260 _e-0001dd0b-8755-8000-9ccd-011e94011e94_260
group 261 _e-0001dd0b-8755-8000-9ccd-011e94011e94_261
group 270 _e-0001dd0b-8755-8000-9ccd-011e94011e94_270

Trace:
2016-10-24 07:34:28.189 DEBUG adminSetting conf.plugins.ENCRYPTION_API_ACCESS_LIST Begin transport.
2016-10-24 07:34:28.189 DEBUG adminSetting conf.plugins.ENCRYPTION_API_ACCESS_LIST Retrieving object data.
2016-10-24 07:34:28.19 DEBUG adminSetting conf.plugins.ENCRYPTION_API_ACCESS_LIST Setting uuids of object references.
2016-10-24 07:34:28.19 DEBUG adminSetting conf.plugins.ENCRYPTION_API_ACCESS_LIST Exporting binary resources.
2016-10-24 07:34:28.19 DEBUG adminSetting conf.plugins.ENCRYPTION_API_ACCESS_LIST Serializing object to XML.
2016-10-24 07:34:28.191 DEBUG adminSetting conf.plugins.ENCRYPTION_API_ACCESS_LIST Object transported.
2016-10-24 07:34:28.191 DEBUG adminSetting conf.userStartPages.DEFAULT_START_PAGE Begin transport.
2016-10-24 07:34:28.191 DEBUG adminSetting conf.userStartPages.DEFAULT_START_PAGE Retrieving object data.
2016-10-24 07:34:28.192 DEBUG adminSetting conf.userStartPages.DEFAULT_START_PAGE Setting uuids of object references.
2016-10-24 07:34:28.192 DEBUG adminSetting conf.userStartPages.DEFAULT_START_PAGE Exporting binary resources.
2016-10-24 07:34:28.192 DEBUG adminSetting conf.userStartPages.DEFAULT_START_PAGE Serializing object to XML.
2016-10-24 07:34:28.192 DEBUG adminSetting conf.userStartPages.DEFAULT_START_PAGE Object transported.
2016-10-24 07:34:28.192 DEBUG adminSetting conf.userStartPages.START_PAGES Begin transport.
2016-10-24 07:34:28.192 DEBUG adminSetting conf.userStartPages.START_PAGES Retrieving object data.
2016-10-24 07:34:28.198 DEBUG adminSetting conf.userStartPages.START_PAGES Setting uuids of object references.
2016-10-24 07:34:28.198 DEBUG adminSetting conf.userStartPages.START_PAGES Processing reference: GroupRefImpl [id=260, uuid=_e-0001dd0b-8755-8000-9ccd-011e94011e94_260]
2016-10-24 07:34:28.2 DEBUG adminSetting conf.userStartPages.START_PAGES Processing reference: GroupRefImpl [id=261, uuid=_e-0001dd0b-8755-8000-9ccd-011e94011e94_261]
2016-10-24 07:34:28.2 DEBUG adminSetting conf.userStartPages.START_PAGES Processing reference: GroupRefImpl [id=270, uuid=_e-0001dd0b-8755-8000-9ccd-011e94011e94_270]
2016-10-24 07:34:28.201 DEBUG adminSetting conf.userStartPages.START_PAGES Exporting binary resources.
2016-10-24 07:34:28.201 DEBUG adminSetting conf.userStartPages.START_PAGES Serializing object to XML.
2016-10-24 07:34:28.201 DEBUG adminSetting conf.userStartPages.START_PAGES Object transported.
2016-10-24 07:34:28.205 DEBUG thirdPartyCredentials 1 1663760c-3207-4733-af3f-63ce20f2c1df Begin transport.
2016-10-24 07:34:28.205 DEBUG thirdPartyCredentials 1 1663760c-3207-4733-af3f-63ce20f2c1df Retrieving object data.
2016-10-24 07:34:28.209 DEBUG thirdPartyCredentials 1 1663760c-3207-4733-af3f-63ce20f2c1df Setting uuids of object references.
2016-10-24 07:34:28.209 DEBUG thirdPartyCredentials 1 1663760c-3207-4733-af3f-63ce20f2c1df Processing reference: ExternalSystem.testExpression
2016-10-24 07:34:28.209 DEBUG thirdPartyCredentials 1 1663760c-3207-4733-af3f-63ce20f2c1df Registering export properties.
2016-10-24 07:34:28.209 DEBUG thirdPartyCredentials 1 1663760c-3207-4733-af3f-63ce20f2c1df Exporting binary resources.
2016-10-24 07:34:28.209 DEBUG thirdPartyCredentials 1 1663760c-3207-4733-af3f-63ce20f2c1df Serializing object to XML.
2016-10-24 07:34:28.209 DEBUG thirdPartyCredentials 1 1663760c-3207-4733-af3f-63ce20f2c1df Object transported.
2016-10-24 07:34:28.209 DEBUG thirdPartyCredentials 4 591bb52d-125a-43a9-a594-733ee37bc1e8 Begin transport.
2016-10-24 07:34:28.209 DEBUG thirdPartyCredentials 4 591bb52d-125a-43a9-a594-733ee37bc1e8 Retrieving object data.
2016-10-24 07:34:28.213 DEBUG thirdPartyCredentials 4 591bb52d-125a-43a9-a594-733ee37bc1e8 Setting uuids of object references.
2016-10-24 07:34:28.213 DEBUG thirdPartyCredentials 4 591bb52d-125a-43a9-a594-733ee37bc1e8 Registering export properties.
2016-10-24 07:34:28.213 DEBUG thirdPartyCredentials 4 591bb52d-125a-43a9-a594-733ee37bc1e8 Exporting binary resources.
2016-10-24 07:34:28.213 DEBUG thirdPartyCredentials 4 591bb52d-125a-43a9-a594-733ee37bc1e8 Serializing object to XML.
2016-10-24 07:34:28.213 DEBUG thirdPartyCredentials 4 591bb52d-125a-43a9-a594-733ee37bc1e8 Object transported.
